Determining if the pthread_create exist failed with the following output:
Change Dir: /home/jnano/ros_arduino_ws/build/CMakeFiles/CMakeTmp

Run Build Command:"/usr/bin/make" "cmTC_dd861/fast"
/usr/bin/make -f CMakeFiles/cmTC_dd861.dir/build.make CMakeFiles/cmTC_dd861.dir/build
make[1]: Entering directory '/home/jnano/ros_arduino_ws/build/CMakeFiles/CMakeTmp'
Building C object CMakeFiles/cmTC_dd861.dir/CheckSymbolExists.c.o
/usr/bin/cc    -o CMakeFiles/cmTC_dd861.dir/CheckSymbolExists.c.o   -c /home/jnano/ros_arduino_ws/build/CMakeFiles/CMakeTmp/CheckSymbolExists.c
Linking C executable cmTC_dd861
/usr/bin/cmake -E cmake_link_script CMakeFiles/cmTC_dd861.dir/link.txt --verbose=1
/usr/bin/cc      -rdynamic CMakeFiles/cmTC_dd861.dir/CheckSymbolExists.c.o  -o cmTC_dd861 
CMakeFiles/cmTC_dd861.dir/CheckSymbolExists.c.o: In function `main':
CheckSymbolExists.c:(.text+0x14): undefined reference to `pthread_create'
CheckSymbolExists.c:(.text+0x18): undefined reference to `pthread_create'
collect2: error: ld returned 1 exit status
CMakeFiles/cmTC_dd861.dir/build.make:97: recipe for target 'cmTC_dd861' failed
make[1]: *** [cmTC_dd861] Error 1
make[1]: Leaving directory '/home/jnano/ros_arduino_ws/build/CMakeFiles/CMakeTmp'
Makefile:126: recipe for target 'cmTC_dd861/fast' failed
make: *** [cmTC_dd861/fast] Error 2

File /home/jnano/ros_arduino_ws/build/CMakeFiles/CMakeTmp/CheckSymbolExists.c:
/* */
#include <pthread.h>

int main(int argc, char** argv)
{
  (void)argv;
#ifndef pthread_create
  return ((int*)(&pthread_create))[argc];
#else
  (void)argc;
  return 0;
#endif
}

Determining if the function pthread_create exists in the pthreads failed with the following output:
Change Dir: /home/jnano/ros_arduino_ws/build/CMakeFiles/CMakeTmp

Run Build Command:"/usr/bin/make" "cmTC_91a15/fast"
/usr/bin/make -f CMakeFiles/cmTC_91a15.dir/build.make CMakeFiles/cmTC_91a15.dir/build
make[1]: Entering directory '/home/jnano/ros_arduino_ws/build/CMakeFiles/CMakeTmp'
Building C object CMakeFiles/cmTC_91a15.dir/CheckFunctionExists.c.o
/usr/bin/cc   -DCHECK_FUNCTION_EXISTS=pthread_create   -o CMakeFiles/cmTC_91a15.dir/CheckFunctionExists.c.o   -c /usr/share/cmake-3.10/Modules/CheckFunctionExists.c
Linking C executable cmTC_91a15
/usr/bin/cmake -E cmake_link_script CMakeFiles/cmTC_91a15.dir/link.txt --verbose=1
/usr/bin/cc  -DCHECK_FUNCTION_EXISTS=pthread_create    -rdynamic CMakeFiles/cmTC_91a15.dir/CheckFunctionExists.c.o  -o cmTC_91a15 -lpthreads 
/usr/bin/ld: cannot find -lpthreads
collect2: error: ld returned 1 exit status
CMakeFiles/cmTC_91a15.dir/build.make:97: recipe for target 'cmTC_91a15' failed
make[1]: *** [cmTC_91a15] Error 1
make[1]: Leaving directory '/home/jnano/ros_arduino_ws/build/CMakeFiles/CMakeTmp'
Makefile:126: recipe for target 'cmTC_91a15/fast' failed
make: *** [cmTC_91a15/fast] Error 2


